13:42:58.792 > x00,d_drv:0x00,cs0_drv:0x00,hd_drv:0x00,wp_drv:0x00
13:42:58.795 > mode:DIO, clock div:2
13:42:58.798 > load:0x3fff0030,len:1184
13:42:58.801 > load:0x40078000,len:13232
13:42:58.803 > load:0x40080400,len:3028
13:42:58.803 > entry 0x400805e4
13:42:58.963 > Wakeup: 0.29562
13:42:58.964 > Sleeping for 10 minutes
13:52:56.462 > ets Jun  8 2016 00:22:57
13:52:56.463 > 
13:52:56.463 > rst:0x5 (DEEPSLEEP_RESET),boot:0x13 (SPI_FAST_FLASH_BOOT)
13:52:56.467 > configsip: 188777542, SPIWP:0xee
13:52:56.470 > clk_drv:0x00,q_drv:0x00,d_drv:0x00,cs0_drv:0x00,hd_drv:0x00,wp_drv:0x00
13:52:56.479 > mode:DIO, clock div:2
13:52:56.479 > load:0x3fff0030,len:1184
13:52:56.482 > load:0x40078000,len:13232
13:52:56.484 > load:0x40080400,len:3028
13:52:56.488 > entry 0x400805e4
13:52:56.541 > Wakeup: 600.110098
13:52:56.542 > Sleeping for 10 minutes
14:02:53.411 > ets Jun  8 2016 00:22:57
14:02:53.412 > 
14:02:53.412 > rst:0x5 (DEEPSLEEP_RESET),boot:0x13 (SPI_FAST_FLASH_BOOT)
14:02:53.412 > configsip: 188777542, SPIWP:0xee
14:02:53.415 > clk_drv:0x00,q_drv:0x00,d_drv:0x00,cs0_drv:0x00,hd_drv:0x00,wp_drv:0x00
14:02:53.423 > mode:DIO, clock div:2
14:02:53.423 > load:0x3fff0030,len:1184
14:02:53.426 > load:0x40078000,len:13232
14:02:53.428 > load:0x40080400,len:3028
14:02:53.433 > entry 0x400805e4
14:02:53.486 > Wakeup: 1200.190721
14:02:53.486 > Sleeping for 10 minutes
14:12:50.667 > ets Jun  8 2016 00:22:57
14:12:50.668 > 
14:12:50.668 > rst:0x5 (DEEPSLEEP_RESET),boot:0x13 (SPI_FAST_FLASH_BOOT)
14:12:50.671 > configsip: 188777542, SPIWP:0xee
14:12:50.683 > clk_drv:0x00,q_drv:0x00,d_drv:0x00,cs0_drv:0x00,hd_drv:0x00,wp_drv:0x00de:DIO, clock div:2
14:12:50.687 > load:0x3ffflen:1184
14:12:50.687 > load:0x40078000,len:13load:0x40080400,len:3028
14:12:50.689 > entry 0x400805e4
14:12:50.745 > Wakeup: 1800.271259
14:12:50.745 > Sleeping for 10 minutes
14:22:47.621 > ets Jun  8 2016 00:22:57
14:22:47.625 > 
14:22:47.625 > rst:0x5 (DEEPSLEEP_RESET),boot:0x13 (SPI_FAST_FLASH_BOOT)
14:22:47.625 > configsiprv:0x00,wp_drv:0x00
14:22:47.625 > mode:DIO, cv:2
14:22:47.625 > load:0x3fff0030,len:1184
14:22:47.625 > load:0x40078000,len:13232
14:22:47.626 > load:0x40080400,len:3028
14:22:47.628 > entry 0x400805e4
14:22:47.684 > Wakeup: 2400.351822
14:22:47.684 > Sleeping for 10 minutes
14:32:45.032 > ets Jun  8 2016 00:22:57
14:32:45.034 > 
14:32:45.034 > rst:0x5 (DEEPSLEEP_RESET),boot:0x13 (SPI_FAST_FLASH_BOOT)
14:32:45.036 > configsip: 188777542, SPIWP:0xee
14:32:45.039 > clk_drv:0x00,q_drv:0x00,d_drv:0x00,cs0_drv:0x00,hd_drv:0x00,wp_drv:0x00
14:32:45.047 > mode:DIO, clock div:2
14:32:45.047 > load:0x3fff0030,len:1184
14:32:45.050 > load:0x40078000,len:13232
14:32:45.053 > load:0x40080400,len:3028
14:32:45.058 > entry 0x400805e4
14:32:45.110 > Wakeup: 3000.432299
14:32:45.110 > Sleeping for 10 minutes
