15:10:49.773 > 00,cs0_drv:0x00,hd_drv:0x00,wp_drv:0x00
15:10:49.776 > mode:DIO, clock div:2
15:10:49.778 > load:0x3fff0030,len:1184
15:10:49.779 > load:0x40078000,len:13232
15:10:49.781 > load:0x40080400,len:3028
15:10:49.784 > entry 0x400805e4
15:10:49.943 > Wakeup: 0.29555
15:10:49.943 > Sleeping for 10 minutes
15:20:41.200 > ets Jun  8 2016 00:22:57
15:20:41.202 > 
15:20:41.202 > rst:0x5 (DEEPSLEEP_RESET),boot:0x13 (SPI_FAST_FLASH_BOOT)
15:20:41.205 > configsip: 188777542, SPIWP:0xee
15:20:41.207 > clk_drv:0x00,q_drv:0x00,d_drv:0x00,cs0_drv:0x00,hd_drv:0x00,wp_drv:0x00
15:20:41.216 > mode:DIO, clock div:2
15:20:41.216 > load:0x3fff0030,len:1184
15:20:41.219 > load:0x40078000,len:13232
15:20:41.221 > load:0x40080400,len:3028
15:20:41.225 > entry 0x400805e4
15:20:41.279 > Wakeup: 600.110635
15:20:41.279 > Sleeping for 10 minutes
15:30:38.514 > ets Jun  8 2016 00:22:57
15:30:38.516 > 
15:30:38.516 > rst:0x5 (DEEPSLEEP_RESET),boot:0x13 (SPI_FAST_FLASH_BOOT)
15:30:38.518 > configsip: 188777542, SPIWP:0xee
15:30:38.521 > clk_drv:0x00,q_drv:0x00,d_drv:0x00,cs0_drv:0x00,hd_drv:0x00,wp_drv:0x00
15:30:38.529 > mode:DIO, clock div:2
15:30:38.529 > load:0x3fff0030,len:1184
15:30:38.532 > load:0x40078000,len:13232
15:30:38.535 > load:0x40080400,len:3028
15:30:38.539 > entry 0x400805e4
15:30:38.593 > Wakeup: 1200.191176
15:30:38.595 > Sleeping for 10 minutes
